The system is: Windows - 10.0.19043 - AMD64
Compiling the C compiler identification source file "CMakeCCompilerId.c" succeeded.
Compiler: C:/Program Files (x86)/Microsoft Visual Studio/2019/BuildTools/VC/Tools/MSVC/14.29.30037/bin/Hostx86/x86/cl.exe 
Build flags: 
Id flags: -c 

The output was:
0
x86 için Microsoft (R) C/C++ İyileştirmeli Derleyicisi Sürüm 19.29.30040
Telif Hakkı (C) Microsoft Corporation. Tüm hakları saklıdır.

CMakeCCompilerId.c


Compilation of the C compiler identification source "CMakeCCompilerId.c" produced "CMakeCCompilerId.obj"

The C compiler identification is MSVC, found in "C:/Marshall/Project/enchant/Object-C/cmake-build-debug/CMakeFiles/3.20.2/CompilerIdC/CMakeCCompilerId.obj"

Compiling the CXX compiler identification source file "CMakeCXXCompilerId.cpp" succeeded.
Compiler: C:/Program Files (x86)/Microsoft Visual Studio/2019/BuildTools/VC/Tools/MSVC/14.29.30037/bin/Hostx86/x86/cl.exe 
Build flags: 
Id flags: -c 

The output was:
0
x86 için Microsoft (R) C/C++ İyileştirmeli Derleyicisi Sürüm 19.29.30040
Telif Hakkı (C) Microsoft Corporation. Tüm hakları saklıdır.

CMakeCXXCompilerId.cpp


Compilation of the CXX compiler identification source "CMakeCXXCompilerId.cpp" produced "CMakeCXXCompilerId.obj"

The CXX compiler identification is MSVC, found in "C:/Marshall/Project/enchant/Object-C/cmake-build-debug/CMakeFiles/3.20.2/CompilerIdCXX/CMakeCXXCompilerId.obj"

Compiling the C compiler identification source file "CMakeCCompilerId.c" succeeded.
Compiler: C:/Program Files (x86)/Microsoft Visual Studio/2019/BuildTools/VC/Tools/MSVC/14.29.30037/bin/Hostx86/x86/cl.exe 
Build flags: /DWIN32;/D_WINDOWS
Id flags:  

The output was:
0
x86 için Microsoft (R) C/C++ İyileştirmeli Derleyicisi Sürüm 19.29.30040
Telif Hakkı (C) Microsoft Corporation. Tüm hakları saklıdır.

CMakeCCompilerId.c
Microsoft (R) Incremental Linker Version 14.29.30040.0
Copyright (C) Microsoft Corporation.  All rights reserved.

/out:CMakeCCompilerId.exe 
CMakeCCompilerId.obj 


Compilation of the C compiler identification source "CMakeCCompilerId.c" produced "CMakeCCompilerId.exe"

Compilation of the C compiler identification source "CMakeCCompilerId.c" produced "CMakeCCompilerId.obj"

The C compiler identification is MSVC, found in "C:/Marshall/Project/enchant/Object-C/cmake-build-debug/CMakeFiles/3.20.2/CompilerIdC/CMakeCCompilerId.exe"

Compiling the CXX compiler identification source file "CMakeCXXCompilerId.cpp" succeeded.
Compiler: C:/Program Files (x86)/Microsoft Visual Studio/2019/BuildTools/VC/Tools/MSVC/14.29.30037/bin/Hostx86/x86/cl.exe 
Build flags: 
Id flags:  

The output was:
0
x86 için Microsoft (R) C/C++ İyileştirmeli Derleyicisi Sürüm 19.29.30040
Telif Hakkı (C) Microsoft Corporation. Tüm hakları saklıdır.

CMakeCXXCompilerId.cpp
Microsoft (R) Incremental Linker Version 14.29.30040.0
Copyright (C) Microsoft Corporation.  All rights reserved.

/out:CMakeCXXCompilerId.exe 
CMakeCXXCompilerId.obj 


Compilation of the CXX compiler identification source "CMakeCXXCompilerId.cpp" produced "CMakeCXXCompilerId.exe"

Compilation of the CXX compiler identification source "CMakeCXXCompilerId.cpp" produced "CMakeCXXCompilerId.obj"

The CXX compiler identification is MSVC, found in "C:/Marshall/Project/enchant/Object-C/cmake-build-debug/CMakeFiles/3.20.2/CompilerIdCXX/CMakeCXXCompilerId.exe"

Detecting C compiler ABI info compiled with the following output:
Change Dir: C:/Marshall/Project/enchant/Object-C/cmake-build-debug/CMakeFiles/CMakeTmp

Run Build Command(s):nmake -f Makefile /nologo cmTC_6640f\fast && 	"C:\Program Files (x86)\Microsoft Visual Studio\2019\BuildTools\VC\Tools\MSVC\14.29.30037\bin\HostX86\x86\nmake.exe"  -f CMakeFiles\cmTC_6640f.dir\build.make /nologo -L                  CMakeFiles\cmTC_6640f.dir\build
Building C object CMakeFiles/cmTC_6640f.dir/CMakeCCompilerABI.c.obj
	C:\Users\fevzi\AppData\Local\JetBrains\Toolbox\apps\CLion\ch-0\212.4746.93\bin\cmake\win\bin\cmake.exe -E cmake_cl_compile_depends --dep-file=CMakeFiles\cmTC_6640f.dir\CMakeCCompilerABI.c.obj.d --working-dir=C:\Marshall\Project\enchant\Object-C\cmake-build-debug\CMakeFiles\CMakeTmp --filter-prefix="" -- C:\PROGRA~2\MICROS~2\2019\BUILDT~1\VC\Tools\MSVC\1429~1.300\bin\Hostx86\x86\cl.exe @C:\Users\fevzi\AppData\Local\Temp\nm9B8F.tmp
Linking C executable cmTC_6640f.exe
	C:\Users\fevzi\AppData\Local\JetBrains\Toolbox\apps\CLion\ch-0\212.4746.93\bin\cmake\win\bin\cmake.exe -E vs_link_exe --intdir=CMakeFiles\cmTC_6640f.dir --rc=rc --mt=C:\PROGRA~2\WI3CF2~1\10\bin\100190~1.0\x86\mt.exe --manifests -- C:\PROGRA~2\MICROS~2\2019\BUILDT~1\VC\Tools\MSVC\1429~1.300\bin\Hostx86\x86\link.exe /nologo @CMakeFiles\cmTC_6640f.dir\objects1.rsp @C:\Users\fevzi\AppData\Local\Temp\nm9CE8.tmp



Detecting CXX compiler ABI info compiled with the following output:
Change Dir: C:/Marshall/Project/enchant/Object-C/cmake-build-debug/CMakeFiles/CMakeTmp

Run Build Command(s):nmake -f Makefile /nologo cmTC_bf69c\fast && 	"C:\Program Files (x86)\Microsoft Visual Studio\2019\BuildTools\VC\Tools\MSVC\14.29.30037\bin\HostX86\x86\nmake.exe"  -f CMakeFiles\cmTC_bf69c.dir\build.make /nologo -L                  CMakeFiles\cmTC_bf69c.dir\build
Building CXX object CMakeFiles/cmTC_bf69c.dir/CMakeCXXCompilerABI.cpp.obj
	C:\Users\fevzi\AppData\Local\JetBrains\Toolbox\apps\CLion\ch-0\212.4746.93\bin\cmake\win\bin\cmake.exe -E cmake_cl_compile_depends --dep-file=CMakeFiles\cmTC_bf69c.dir\CMakeCXXCompilerABI.cpp.obj.d --working-dir=C:\Marshall\Project\enchant\Object-C\cmake-build-debug\CMakeFiles\CMakeTmp --filter-prefix="" -- C:\PROGRA~2\MICROS~2\2019\BUILDT~1\VC\Tools\MSVC\1429~1.300\bin\Hostx86\x86\cl.exe @C:\Users\fevzi\AppData\Local\Temp\nmA41B.tmp
Linking CXX executable cmTC_bf69c.exe
	C:\Users\fevzi\AppData\Local\JetBrains\Toolbox\apps\CLion\ch-0\212.4746.93\bin\cmake\win\bin\cmake.exe -E vs_link_exe --intdir=CMakeFiles\cmTC_bf69c.dir --rc=rc --mt=C:\PROGRA~2\WI3CF2~1\10\bin\100190~1.0\x86\mt.exe --manifests -- C:\PROGRA~2\MICROS~2\2019\BUILDT~1\VC\Tools\MSVC\1429~1.300\bin\Hostx86\x86\link.exe /nologo @CMakeFiles\cmTC_bf69c.dir\objects1.rsp @C:\Users\fevzi\AppData\Local\Temp\nmA62F.tmp



